<?xml version="1.0" encoding="UTF-8"?>
<!-- Generated by org.testng.reporters.JUnitReportReporter -->
<testsuite hostname="DESKTOP-FNFV15V" failures="0" tests="3" name="com.testngFeatures.DependsTest" time="0.139" errors="0" timestamp="2023-08-07T07:40:57 IST" skipped="0">
  <testcase classname="com.testngFeatures.DependsTest" name="f2" time="0.034"/>
  <testcase classname="com.testngFeatures.DependsTest" name="f" time="0.095"/>
  <testcase classname="com.testngFeatures.DependsTest" name="f3" time="0.010"/>
</testsuite> <!-- com.testngFeatures.DependsTest -->
