<?xml version="1.0" encoding="UTF-8"?>
<!-- Generated by org.testng.reporters.JUnitReportReporter -->
<testsuite hostname="DESKTOP-FNFV15V" failures="0" tests="1" name="com.testngFeatures.ExpectedTest" time="0.055" errors="0" timestamp="2023-08-07T07:49:29 IST" skipped="0">
  <testcase classname="com.testngFeatures.ExpectedTest" name="f" time="0.055"/>
</testsuite> <!-- com.testngFeatures.ExpectedTest -->
