<?xml version="1.0" encoding="UTF-8"?>
<!-- Generated by org.testng.reporters.JUnitReportReporter -->
<testsuite hostname="DESKTOP-FNFV15V" failures="0" tests="3" name="com.testngFeatures.IgnoreTest" time="0.030" errors="0" timestamp="2023-08-07T07:28:32 IST" skipped="2">
  <testcase classname="com.testngFeatures.IgnoreTest" name="f1" time="0.030"/>
  <testcase classname="com.testngFeatures.IgnoreTest" name="f2">
    <skipped/>
  </testcase> <!-- f2 -->
  <testcase classname="com.testngFeatures.IgnoreTest" name="f3">
    <skipped/>
  </testcase> <!-- f3 -->
</testsuite> <!-- com.testngFeatures.IgnoreTest -->
