<?xml version="1.0" encoding="UTF-8"?>
<!-- Generated by org.testng.reporters.JUnitReportReporter -->
<testsuite hostname="DESKTOP-FNFV15V" failures="0" tests="4" name="com.testngFeatures.PriorityTest" time="0.156" errors="0" timestamp="2023-08-07T07:34:54 IST" skipped="0">
  <testcase classname="com.testngFeatures.PriorityTest" name="f" time="0.078"/>
  <testcase classname="com.testngFeatures.PriorityTest" name="f3" time="0.011"/>
  <testcase classname="com.testngFeatures.PriorityTest" name="f2" time="0.064"/>
  <testcase classname="com.testngFeatures.PriorityTest" name="f1" time="0.003"/>
</testsuite> <!-- com.testngFeatures.PriorityTest -->
