<?xml version="1.0" encoding="UTF-8"?>
<!-- Generated by org.testng.reporters.JUnitReportReporter -->
<testsuite hostname="DESKTOP-FNFV15V" failures="0" tests="2" name="com.testngFeatures.AssertTest" time="0.093" errors="0" timestamp="2023-08-09T07:56:51 IST" skipped="0">
  <testcase classname="com.testngFeatures.AssertTest" name="f1" time="0.010"/>
  <testcase classname="com.testngFeatures.AssertTest" name="f" time="0.083"/>
</testsuite> <!-- com.testngFeatures.AssertTest -->
