<?xml version="1.0" encoding="UTF-8"?>
<!-- Generated by org.testng.reporters.JUnitReportReporter -->
<testsuite hostname="DESKTOP-FNFV15V" failures="0" tests="2" name="com.testngFeatures.SimpleAnnotationTest" time="0.168" errors="0" timestamp="2023-08-03T07:44:23 IST" skipped="0">
  <testcase classname="com.testngFeatures.SimpleAnnotationTest" name="f" time="0.128"/>
  <testcase classname="com.testngFeatures.SimpleAnnotationTest" name="f3" time="0.040"/>
</testsuite> <!-- com.testngFeatures.SimpleAnnotationTest -->
