<?xml version="1.0" encoding="UTF-8"?>
<!-- Generated by org.testng.reporters.JUnitReportReporter -->
<testsuite hostname="DESKTOP-FNFV15V" failures="0" tests="5" name="com.testngFeatures.InvocationTest" time="0.108" errors="0" timestamp="2023-08-09T07:21:42 IST" skipped="0">
  <testcase classname="com.testngFeatures.InvocationTest" name="f" time="0.068"/>
  <testcase classname="com.testngFeatures.InvocationTest" name="f" time="0.010"/>
  <testcase classname="com.testngFeatures.InvocationTest" name="f2" time="0.006"/>
  <testcase classname="com.testngFeatures.InvocationTest" name="f2" time="0.015"/>
  <testcase classname="com.testngFeatures.InvocationTest" name="f1" time="0.009"/>
</testsuite> <!-- com.testngFeatures.InvocationTest -->
