<?xml version="1.0" encoding="UTF-8"?>
<!-- Generated by org.testng.reporters.JUnitReportReporter -->
<testsuite hostname="DESKTOP-FNFV15V" failures="0" tests="1" name="com.testngFeatures.ParameterizedTest" time="0.077" errors="0" timestamp="2023-08-09T07:42:23 IST" skipped="0">
  <testcase classname="com.testngFeatures.ParameterizedTest" name="loginParam" time="0.077"/>
</testsuite> <!-- com.testngFeatures.ParameterizedTest -->
