<?xml version="1.0" encoding="UTF-8"?>
<!-- Generated by org.testng.reporters.JUnitReportReporter -->
<testsuite hostname="DESKTOP-FNFV15V" failures="0" tests="4" name="com.testngFeatures.GroupsTest" time="0.069" errors="0" timestamp="2023-08-09T07:30:27 IST" skipped="0">
  <testcase classname="com.testngFeatures.GroupsTest" name="f" time="0.045"/>
  <testcase classname="com.testngFeatures.GroupsTest" name="f1" time="0.009"/>
  <testcase classname="com.testngFeatures.GroupsTest" name="f2" time="0.008"/>
  <testcase classname="com.testngFeatures.GroupsTest" name="f3" time="0.007"/>
</testsuite> <!-- com.testngFeatures.GroupsTest -->
