<?xml version="1.0" encoding="UTF-8"?>
<!-- Generated by org.testng.reporters.JUnitReportReporter -->
<testsuite hostname="DESKTOP-FNFV15V" failures="0" tests="2" name="com.testngFeatures.DataproviderTest" time="0.050" errors="0" timestamp="2023-08-09T07:48:55 IST" skipped="0">
  <testcase classname="com.testngFeatures.DataproviderTest" name="loginParam" time="0.009"/>
  <testcase classname="com.testngFeatures.DataproviderTest" name="loginParam" time="0.041"/>
</testsuite> <!-- com.testngFeatures.DataproviderTest -->
